TN:
SF:D:\VueJs\dog-breed-app\src\App.vue
FNF:0
FNH:0
DA:15,1
DA:16,1
LF:2
LH:2
BRF:0
BRH:0
end_of_record
TN:
SF:D:\VueJs\dog-breed-app\src\components\Dashboard.vue
FN:43,(anonymous_1)
FN:51,(anonymous_2)
FN:54,(anonymous_3)
FN:55,(anonymous_4)
FN:64,(anonymous_5)
FN:65,(anonymous_6)
FN:71,(anonymous_7)
FN:77,(anonymous_8)
FN:80,(anonymous_9)
FN:87,(anonymous_10)
FN:89,(anonymous_11)
FN:96,(anonymous_12)
FN:99,(anonymous_13)
FN:102,(anonymous_14)
FN:107,(anonymous_15)
FN:110,(anonymous_16)
FN:121,(anonymous_17)
FNF:17
FNH:12
FNDA:14,(anonymous_1)
FNDA:14,(anonymous_2)
FNDA:14,(anonymous_3)
FNDA:0,(anonymous_4)
FNDA:14,(anonymous_5)
FNDA:0,(anonymous_6)
FNDA:2,(anonymous_7)
FNDA:1,(anonymous_8)
FNDA:1,(anonymous_9)
FNDA:0,(anonymous_10)
FNDA:0,(anonymous_11)
FNDA:14,(anonymous_12)
FNDA:14,(anonymous_13)
FNDA:14,(anonymous_14)
FNDA:1,(anonymous_15)
FNDA:2,(anonymous_16)
FNDA:0,(anonymous_17)
DA:38,6
DA:39,6
DA:43,14
DA:52,14
DA:55,14
DA:56,0
DA:57,0
DA:65,14
DA:66,0
DA:67,0
DA:69,14
DA:72,2
DA:73,2
DA:74,2
DA:75,2
DA:78,1
DA:81,1
DA:82,1
DA:83,1
DA:84,1
DA:85,1
DA:88,0
DA:89,0
DA:90,0
DA:97,14
DA:100,14
DA:103,14
DA:108,1
DA:111,2
DA:112,2
DA:113,2
DA:115,6
DA:116,2
DA:122,0
LF:34
LH:26
BRDA:74,0,0,2
BRDA:74,0,1,0
BRDA:115,1,0,2
BRDA:115,1,1,4
BRF:4
BRH:3
end_of_record
TN:
SF:D:\VueJs\dog-breed-app\src\components\Header.vue
FN:20,(anonymous_1)
FN:26,(anonymous_2)
FN:32,(anonymous_3)
FN:40,(anonymous_4)
FN:45,(anonymous_5)
FNF:5
FNH:5
FNDA:10,(anonymous_1)
FNDA:1,(anonymous_2)
FNDA:1,(anonymous_3)
FNDA:10,(anonymous_4)
FNDA:6,(anonymous_5)
DA:21,10
DA:27,1
DA:28,0
DA:30,1
DA:33,1
DA:34,1
DA:35,1
DA:36,1
DA:41,10
DA:46,6
DA:47,3
DA:50,3
LF:12
LH:11
BRDA:27,0,0,0
BRDA:27,0,1,1
BRDA:46,1,0,3
BRDA:46,1,1,3
BRF:4
BRH:3
end_of_record
TN:
SF:D:\VueJs\dog-breed-app\src\filters\capitalize-filter.js
FN:2,(anonymous_0)
FNF:1
FNH:1
FNDA:4,(anonymous_0)
DA:2,6
DA:3,4
LF:2
LH:2
BRF:0
BRH:0
end_of_record
TN:
SF:D:\VueJs\dog-breed-app\src\router\index.js
FN:19,(anonymous_0)
FNF:1
FNH:0
FNDA:0,(anonymous_0)
DA:5,5
DA:7,5
DA:19,0
DA:23,5
LF:4
LH:3
BRF:0
BRH:0
end_of_record
TN:
SF:D:\VueJs\dog-breed-app\src\services\dogs-service.js
FN:5,(anonymous_0)
FN:9,(anonymous_1)
FN:13,(anonymous_2)
FNF:3
FNH:2
FNDA:14,(anonymous_0)
FNDA:0,(anonymous_1)
FNDA:4,(anonymous_2)
DA:3,6
DA:5,6
DA:6,14
DA:9,6
DA:10,0
DA:13,6
DA:14,4
LF:7
LH:6
BRF:0
BRH:0
end_of_record
TN:
SF:D:\VueJs\dog-breed-app\src\store\index.js
FN:16,(anonymous_0)
FN:19,(anonymous_1)
FN:22,(anonymous_2)
FN:25,(anonymous_3)
FN:28,(anonymous_4)
FN:31,(anonymous_5)
FN:36,(anonymous_6)
FN:39,(anonymous_7)
FN:42,(anonymous_8)
FN:45,(anonymous_9)
FN:48,(anonymous_10)
FN:51,(anonymous_11)
FN:56,(anonymous_12)
FN:57,(anonymous_13)
FN:58,(anonymous_14)
FN:59,(anonymous_15)
FN:60,(anonymous_16)
FN:61,(anonymous_17)
FNF:18
FNH:18
FNDA:1,(anonymous_0)
FNDA:1,(anonymous_1)
FNDA:1,(anonymous_2)
FNDA:1,(anonymous_3)
FNDA:1,(anonymous_4)
FNDA:1,(anonymous_5)
FNDA:1,(anonymous_6)
FNDA:1,(anonymous_7)
FNDA:1,(anonymous_8)
FNDA:1,(anonymous_9)
FNDA:1,(anonymous_10)
FNDA:1,(anonymous_11)
FNDA:1,(anonymous_12)
FNDA:1,(anonymous_13)
FNDA:1,(anonymous_14)
FNDA:1,(anonymous_15)
FNDA:1,(anonymous_16)
FNDA:1,(anonymous_17)
DA:4,1
DA:17,1
DA:20,1
DA:23,1
DA:26,1
DA:29,1
DA:32,1
DA:37,1
DA:40,1
DA:43,1
DA:46,1
DA:49,1
DA:52,1
DA:56,1
DA:57,1
DA:58,1
DA:59,1
DA:60,1
DA:61,1
LF:19
LH:19
BRF:0
BRH:0
end_of_record
TN:
SF:D:\VueJs\dog-breed-app\src\views\Gallery.vue
FN:33,(anonymous_1)
FN:38,(anonymous_2)
FN:45,(anonymous_3)
FN:49,(anonymous_4)
FNF:4
FNH:3
FNDA:4,(anonymous_1)
FNDA:4,(anonymous_2)
FNDA:4,(anonymous_3)
FNDA:0,(anonymous_4)
DA:29,3
DA:30,3
DA:33,4
DA:39,4
DA:46,4
DA:47,4
DA:48,4
DA:49,4
DA:50,0
LF:9
LH:8
BRF:0
BRH:0
end_of_record
TN:
SF:D:\VueJs\dog-breed-app\src\views\Home.vue
FNF:0
FNH:0
DA:10,6
LF:1
LH:1
BRF:0
BRH:0
end_of_record
